This is pdfTeX, Version 3.141592653-2.6-1.40.26 (TeX Live 2024/MacPorts 2024.70613_0) (preloaded format=pdflatex 2024.6.26)  8 JUN 2026 19:40
entering extended mode
 restricted \write18 enabled.
 %&-line parsing enabled.
**xarray_vasp_homework.tex
(./xarray_vasp_homework.tex
LaTeX2e <2023-11-01> patch level 1
L3 programming layer <2024-02-20>
(/opt/local/share/texmf-texlive/tex/latex/base/article.cls
Document Class: article 2023/05/17 v1.4n Standard LaTeX document class
(/opt/local/share/texmf-texlive/tex/latex/base/size11.clo
File: size11.clo 2023/05/17 v1.4n Standard LaTeX file (size option)
)
\c@part=\count188
\c@section=\count189
\c@subsection=\count190
\c@subsubsection=\count191
\c@paragraph=\count192
\c@subparagraph=\count193
\c@figure=\count194
\c@table=\count195
\abovecaptionskip=\skip48
\belowcaptionskip=\skip49
\bibindent=\dimen140
)
(/opt/local/share/texmf-texlive/tex/latex/geometry/geometry.sty
Package: geometry 2020/01/02 v5.9 Page Geometry

(/opt/local/share/texmf-texlive/tex/latex/graphics/keyval.sty
Package: keyval 2022/05/29 v1.15 key=value parser (DPC)
\KV@toks@=\toks17
)
(/opt/local/share/texmf-texlive/tex/generic/iftex/ifvtex.sty
Package: ifvtex 2019/10/25 v1.7 ifvtex legacy package. Use iftex instead.

(/opt/local/share/texmf-texlive/tex/generic/iftex/iftex.sty
Package: iftex 2022/02/03 v1.0f TeX engine tests
))
\Gm@cnth=\count196
\Gm@cntv=\count197
\c@Gm@tempcnt=\count198
\Gm@bindingoffset=\dimen141
\Gm@wd@mp=\dimen142
\Gm@odd@mp=\dimen143
\Gm@even@mp=\dimen144
\Gm@layoutwidth=\dimen145
\Gm@layoutheight=\dimen146
\Gm@layouthoffset=\dimen147
\Gm@layoutvoffset=\dimen148
\Gm@dimlist=\toks18
)
(/opt/local/share/texmf-texlive/tex/latex/graphics/graphicx.sty
Package: graphicx 2021/09/16 v1.2d Enhanced LaTeX Graphics (DPC,SPQR)

(/opt/local/share/texmf-texlive/tex/latex/graphics/graphics.sty
Package: graphics 2022/03/10 v1.4e Standard LaTeX Graphics (DPC,SPQR)

(/opt/local/share/texmf-texlive/tex/latex/graphics/trig.sty
Package: trig 2021/08/11 v1.11 sin cos tan (DPC)
)
(/opt/local/share/texmf-texlive/tex/latex/graphics-cfg/graphics.cfg
File: graphics.cfg 2016/06/04 v1.11 sample graphics configuration
)
Package graphics Info: Driver file: pdftex.def on input line 107.

(/opt/local/share/texmf-texlive/tex/latex/graphics-def/pdftex.def
File: pdftex.def 2022/09/22 v1.2b Graphics/color driver for pdftex
))
\Gin@req@height=\dimen149
\Gin@req@width=\dimen150
)
(/opt/local/share/texmf-texlive/tex/latex/float/float.sty
Package: float 2001/11/08 v1.3d Float enhancements (AL)
\c@float@type=\count199
\float@exts=\toks19
\float@box=\box51
\@float@everytoks=\toks20
\@floatcapt=\box52
)
(/opt/local/share/texmf-texlive/tex/latex/parskip/parskip.sty
Package: parskip 2021-03-14 v2.0h non-zero parskip adjustments

(/opt/local/share/texmf-texlive/tex/latex/kvoptions/kvoptions.sty
Package: kvoptions 2022-06-15 v3.15 Key value format for package options (HO)

(/opt/local/share/texmf-texlive/tex/generic/ltxcmds/ltxcmds.sty
Package: ltxcmds 2023-12-04 v1.26 LaTeX kernel commands for general use (HO)
)
(/opt/local/share/texmf-texlive/tex/latex/kvsetkeys/kvsetkeys.sty
Package: kvsetkeys 2022-10-05 v1.19 Key value parser (HO)
))
(/opt/local/share/texmf-texlive/tex/latex/etoolbox/etoolbox.sty
Package: etoolbox 2020/10/05 v2.5k e-TeX tools for LaTeX (JAW)
\etb@tempcnta=\count266
))
(/opt/local/share/texmf-texlive/tex/latex/amsmath/amsmath.sty
Package: amsmath 2023/05/13 v2.17o AMS math features
\@mathmargin=\skip50

For additional information on amsmath, use the `?' option.
(/opt/local/share/texmf-texlive/tex/latex/amsmath/amstext.sty
Package: amstext 2021/08/26 v2.01 AMS text

(/opt/local/share/texmf-texlive/tex/latex/amsmath/amsgen.sty
File: amsgen.sty 1999/11/30 v2.0 generic functions
\@emptytoks=\toks21
\ex@=\dimen151
))
(/opt/local/share/texmf-texlive/tex/latex/amsmath/amsbsy.sty
Package: amsbsy 1999/11/29 v1.2d Bold Symbols
\pmbraise@=\dimen152
)
(/opt/local/share/texmf-texlive/tex/latex/amsmath/amsopn.sty
Package: amsopn 2022/04/08 v2.04 operator names
)
\inf@bad=\count267
LaTeX Info: Redefining \frac on input line 234.
\uproot@=\count268
\leftroot@=\count269
LaTeX Info: Redefining \overline on input line 399.
LaTeX Info: Redefining \colon on input line 410.
\classnum@=\count270
\DOTSCASE@=\count271
LaTeX Info: Redefining \ldots on input line 496.
LaTeX Info: Redefining \dots on input line 499.
LaTeX Info: Redefining \cdots on input line 620.
\Mathstrutbox@=\box53
\strutbox@=\box54
LaTeX Info: Redefining \big on input line 722.
LaTeX Info: Redefining \Big on input line 723.
LaTeX Info: Redefining \bigg on input line 724.
LaTeX Info: Redefining \Bigg on input line 725.
\big@size=\dimen153
LaTeX Font Info:    Redeclaring font encoding OML on input line 743.
LaTeX Font Info:    Redeclaring font encoding OMS on input line 744.
\macc@depth=\count272
LaTeX Info: Redefining \bmod on input line 905.
LaTeX Info: Redefining \pmod on input line 910.
LaTeX Info: Redefining \smash on input line 940.
LaTeX Info: Redefining \relbar on input line 970.
LaTeX Info: Redefining \Relbar on input line 971.
\c@MaxMatrixCols=\count273
\dotsspace@=\muskip16
\c@parentequation=\count274
\dspbrk@lvl=\count275
\tag@help=\toks22
\row@=\count276
\column@=\count277
\maxfields@=\count278
\andhelp@=\toks23
\eqnshift@=\dimen154
\alignsep@=\dimen155
\tagshift@=\dimen156
\tagwidth@=\dimen157
\totwidth@=\dimen158
\lineht@=\dimen159
\@envbody=\toks24
\multlinegap=\skip51
\multlinetaggap=\skip52
\mathdisplay@stack=\toks25
LaTeX Info: Redefining \[ on input line 2953.
LaTeX Info: Redefining \] on input line 2954.
)
(/opt/local/share/texmf-texlive/tex/latex/l3backend/l3backend-pdftex.def
File: l3backend-pdftex.def 2024-02-20 L3 backend support: PDF output (pdfTeX)
\l__color_backend_stack_int=\count279
\l__pdf_internal_box=\box55
)
No file xarray_vasp_homework.aux.
\openout1 = `xarray_vasp_homework.aux'.

LaTeX Font Info:    Checking defaults for OML/cmm/m/it on input line 10.
LaTeX Font Info:    ... okay on input line 10.
LaTeX Font Info:    Checking defaults for OMS/cmsy/m/n on input line 10.
LaTeX Font Info:    ... okay on input line 10.
LaTeX Font Info:    Checking defaults for OT1/cmr/m/n on input line 10.
LaTeX Font Info:    ... okay on input line 10.
LaTeX Font Info:    Checking defaults for T1/cmr/m/n on input line 10.
LaTeX Font Info:    ... okay on input line 10.
LaTeX Font Info:    Checking defaults for TS1/cmr/m/n on input line 10.
LaTeX Font Info:    ... okay on input line 10.
LaTeX Font Info:    Checking defaults for OMX/cmex/m/n on input line 10.
LaTeX Font Info:    ... okay on input line 10.
LaTeX Font Info:    Checking defaults for U/cmr/m/n on input line 10.
LaTeX Font Info:    ... okay on input line 10.
*geometry* driver: auto-detecting
*geometry* detected driver: pdftex
*geometry* verbose mode - [ preamble ] result:
* driver: pdftex
* paper: a4paper
* layout: <same size as paper>
* layoutoffset:(h,v)=(0.0pt,0.0pt)
* modes: 
* h-part:(L,W,R)=(62.59596pt, 472.31595pt, 62.59596pt)
* v-part:(T,H,B)=(62.59596pt, 719.85492pt, 62.59596pt)
* \paperwidth=597.50787pt
* \paperheight=845.04684pt
* \textwidth=472.31595pt
* \textheight=719.85492pt
* \oddsidemargin=-9.67403pt
* \evensidemargin=-9.67403pt
* \topmargin=-46.67403pt
* \headheight=12.0pt
* \headsep=25.0pt
* \topskip=11.0pt
* \footskip=30.0pt
* \marginparwidth=50.0pt
* \marginparsep=10.0pt
* \columnsep=10.0pt
* \skip\footins=10.0pt plus 4.0pt minus 2.0pt
* \hoffset=0.0pt
* \voffset=0.0pt
* \mag=1000
* \@twocolumnfalse
* \@twosidefalse
* \@mparswitchfalse
* \@reversemarginfalse
* (1in=72.27pt=25.4mm, 1cm=28.453pt)

(/opt/local/share/texmf-texlive/tex/context/base/mkii/supp-pdf.mkii
[Loading MPS to PDF converter (version 2006.09.02).]
\scratchcounter=\count280
\scratchdimen=\dimen160
\scratchbox=\box56
\nofMPsegments=\count281
\nofMParguments=\count282
\everyMPshowfont=\toks26
\MPscratchCnt=\count283
\MPscratchDim=\dimen161
\MPnumerator=\count284
\makeMPintoPDFobject=\count285
\everyMPtoPDFconversion=\toks27
) (/opt/local/share/texmf-texlive/tex/latex/epstopdf-pkg/epstopdf-base.sty
Package: epstopdf-base 2020-01-24 v2.11 Base part for package epstopdf

(/opt/local/share/texmf-texlive/tex/generic/infwarerr/infwarerr.sty
Package: infwarerr 2019/12/03 v1.5 Providing info/warning/error messages (HO)
)
(/opt/local/share/texmf-texlive/tex/latex/grfext/grfext.sty
Package: grfext 2019/12/03 v1.3 Manage graphics extensions (HO)

(/opt/local/share/texmf-texlive/tex/generic/kvdefinekeys/kvdefinekeys.sty
Package: kvdefinekeys 2019-12-19 v1.6 Define keys (HO)
))
(/opt/local/share/texmf-texlive/tex/generic/pdftexcmds/pdftexcmds.sty
Package: pdftexcmds 2020-06-27 v0.33 Utility functions of pdfTeX for LuaTeX (HO
)
Package pdftexcmds Info: \pdf@primitive is available.
Package pdftexcmds Info: \pdf@ifprimitive is available.
Package pdftexcmds Info: \pdfdraftmode found.
)
Package epstopdf-base Info: Redefining graphics rule for `.eps' on input line 4
85.
Package grfext Info: Graphics extension search list:
(grfext)             [.pdf,.png,.jpg,.mps,.jpeg,.jbig2,.jb2,.PDF,.PNG,.JPG,.JPE
G,.JBIG2,.JB2,.eps]
(grfext)             \AppendGraphicsExtensions on input line 504.

(/opt/local/share/texmf-texlive/tex/latex/latexconfig/epstopdf-sys.cfg
File: epstopdf-sys.cfg 2010/07/13 v1.3 Configuration of (r)epstopdf for TeX Liv
e
))
[1

{/opt/local/var/db/texmf/fonts/map/pdftex/updmap/pdftex.map}]
<assets/page_01_charge_density_slice.png, id=10, 599.841pt x 375.804pt>
File: assets/page_01_charge_density_slice.png Graphic file (type png)
<use assets/page_01_charge_density_slice.png>
Package pdftex.def Info: assets/page_01_charge_density_slice.png  used on input
 line 19.
(pdftex.def)             Requested size: 434.5298pt x 272.24736pt.
 [2

 <./assets/page_01_charge_density_slice.png>]
<assets/page_02_spin_density_slice.png, id=17, 599.841pt x 375.804pt>
File: assets/page_02_spin_density_slice.png Graphic file (type png)
<use assets/page_02_spin_density_slice.png>
Package pdftex.def Info: assets/page_02_spin_density_slice.png  used on input l
ine 29.
(pdftex.def)             Requested size: 434.5298pt x 272.24736pt.
 [3

 <./assets/page_02_spin_density_slice.png>]
<assets/page_03_planar_average.png, id=22, 599.841pt x 375.804pt>
File: assets/page_03_planar_average.png Graphic file (type png)
<use assets/page_03_planar_average.png>
Package pdftex.def Info: assets/page_03_planar_average.png  used on input line 
39.
(pdftex.def)             Requested size: 434.5298pt x 272.24736pt.

[4

 <./assets/page_03_planar_average.png>]
<assets/page_04_plane_electrons.png, id=27, 599.841pt x 375.804pt>
File: assets/page_04_plane_electrons.png Graphic file (type png)
<use assets/page_04_plane_electrons.png>
Package pdftex.def Info: assets/page_04_plane_electrons.png  used on input line
 49.
(pdftex.def)             Requested size: 434.5298pt x 272.24736pt.
 [5

 <./assets/page_04_plane_electrons.png>]
<assets/page_05_cumulative_profile.png, id=32, 599.841pt x 375.804pt>
File: assets/page_05_cumulative_profile.png Graphic file (type png)
<use assets/page_05_cumulative_profile.png>
Package pdftex.def Info: assets/page_05_cumulative_profile.png  used on input l
ine 59.
(pdftex.def)             Requested size: 434.5298pt x 272.24736pt.
 [6

 <./assets/page_05_cumulative_profile.png>]
<assets/page_06_line_profile.png, id=37, 599.841pt x 375.804pt>
File: assets/page_06_line_profile.png Graphic file (type png)
<use assets/page_06_line_profile.png>
Package pdftex.def Info: assets/page_06_line_profile.png  used on input line 69
.
(pdftex.def)             Requested size: 434.5298pt x 272.24736pt.
 [7

 <./assets/page_06_line_profile.png>]
<assets/page_07_total_dos.png, id=43, 599.841pt x 375.804pt>
File: assets/page_07_total_dos.png Graphic file (type png)
<use assets/page_07_total_dos.png>
Package pdftex.def Info: assets/page_07_total_dos.png  used on input line 79.
(pdftex.def)             Requested size: 434.5298pt x 272.24736pt.
 [8

 <./assets/page_07_total_dos.png>]
<assets/page_08_integrated_total_dos.png, id=48, 599.841pt x 375.804pt>
File: assets/page_08_integrated_total_dos.png Graphic file (type png)
<use assets/page_08_integrated_total_dos.png>
Package pdftex.def Info: assets/page_08_integrated_total_dos.png  used on input
 line 89.
(pdftex.def)             Requested size: 434.5298pt x 272.24736pt.
 [9

 <./assets/page_08_integrated_total_dos.png>]
<assets/page_09_atom_resolved_d_pdos.png, id=53, 599.841pt x 375.804pt>
File: assets/page_09_atom_resolved_d_pdos.png Graphic file (type png)
<use assets/page_09_atom_resolved_d_pdos.png>
Package pdftex.def Info: assets/page_09_atom_resolved_d_pdos.png  used on input
 line 99.
(pdftex.def)             Requested size: 434.5298pt x 272.24736pt.
 [10

 <./assets/page_09_atom_resolved_d_pdos.png>]
<assets/page_10_band_centers.png, id=58, 599.841pt x 375.804pt>
File: assets/page_10_band_centers.png Graphic file (type png)
<use assets/page_10_band_centers.png>
Package pdftex.def Info: assets/page_10_band_centers.png  used on input line 10
9.
(pdftex.def)             Requested size: 434.5298pt x 272.24736pt.
 [11

 <./assets/page_10_band_centers.png>] (./xarray_vasp_homework.aux)
 ***********
LaTeX2e <2023-11-01> patch level 1
L3 programming layer <2024-02-20>
 ***********
 ) 
Here is how much of TeX's memory you used:
 3555 strings out of 475230
 57220 string characters out of 5766749
 1927187 words of memory out of 5000000
 25713 multiletter control sequences out of 15000+600000
 562851 words of font info for 53 fonts, out of 8000000 for 9000
 430 hyphenation exceptions out of 8191
 61i,6n,69p,541b,237s stack positions out of 10000i,1000n,20000p,200000b,200000s
</opt/local/share/texmf-texlive/fonts/type1/public/amsfonts/cm/cmbx12.pfb></o
pt/local/share/texmf-texlive/fonts/type1/public/amsfonts/cm/cmr10.pfb></opt/loc
al/share/texmf-texlive/fonts/type1/public/amsfonts/cm/cmr12.pfb></opt/local/sha
re/texmf-texlive/fonts/type1/public/amsfonts/cm/cmr17.pfb></opt/local/share/tex
mf-texlive/fonts/type1/public/amsfonts/cm/cmtt10.pfb>
Output written on xarray_vasp_homework.pdf (11 pages, 561556 bytes).
PDF statistics:
 86 PDF objects out of 1000 (max. 8388607)
 42 compressed objects within 1 object stream
 0 named destinations out of 1000 (max. 500000)
 51 words of extra memory for PDF output out of 10000 (max. 10000000)

